INFO  - 2017-10-24 08:35:53.833; org.springframework.web.servlet.FrameworkServlet; FrameworkServlet 'springmvc': initialization started
INFO  - 2017-10-24 08:35:53.849; org.springframework.context.support.AbstractApplicationContext; Refreshing WebApplicationContext for namespace 'springmvc-servlet': startup date [Tue Oct 24 08:35:53 CST 2017]; parent: Root WebApplicationContext
INFO  - 2017-10-24 08:35:53.850; org.springframework.beans.factory.xml.XmlBeanDefinitionReader; Loading XML bean definitions from class path resource [applicationContext_mvc.xml]
INFO  - 2017-10-24 08:35:55.114; org.springframework.web.servlet.mvc.method.annotation.RequestMappingHandlerAdapter; Looking for @ControllerAdvice: WebApplicationContext for namespace 'springmvc-servlet': startup date [Tue Oct 24 08:35:53 CST 2017]; parent: Root WebApplicationContext
INFO  - 2017-10-24 08:35:55.184; org.springframework.web.servlet.mvc.method.annotation.RequestMappingHandlerAdapter; Looking for @ControllerAdvice: WebApplicationContext for namespace 'springmvc-servlet': startup date [Tue Oct 24 08:35:53 CST 2017]; parent: Root WebApplicationContext
INFO  - 2017-10-24 08:35:55.358; org.springframework.web.servlet.FrameworkServlet; FrameworkServlet 'springmvc': initialization completed in 1512 ms
INFO  - 2017-10-24 08:36:30.262; org.springframework.web.servlet.FrameworkServlet; FrameworkServlet 'springmvc': initialization started
INFO  - 2017-10-24 08:36:30.266; org.springframework.context.support.AbstractApplicationContext; Refreshing WebApplicationContext for namespace 'springmvc-servlet': startup date [Tue Oct 24 08:36:30 CST 2017]; parent: Root WebApplicationContext
INFO  - 2017-10-24 08:36:30.267; org.springframework.beans.factory.xml.XmlBeanDefinitionReader; Loading XML bean definitions from class path resource [applicationContext_mvc.xml]
INFO  - 2017-10-24 08:36:31.133; org.springframework.web.servlet.mvc.method.annotation.RequestMappingHandlerAdapter; Looking for @ControllerAdvice: WebApplicationContext for namespace 'springmvc-servlet': startup date [Tue Oct 24 08:36:30 CST 2017]; parent: Root WebApplicationContext
INFO  - 2017-10-24 08:36:31.208; org.springframework.web.servlet.mvc.method.annotation.RequestMappingHandlerAdapter; Looking for @ControllerAdvice: WebApplicationContext for namespace 'springmvc-servlet': startup date [Tue Oct 24 08:36:30 CST 2017]; parent: Root WebApplicationContext
INFO  - 2017-10-24 08:36:31.363; org.springframework.web.servlet.FrameworkServlet; FrameworkServlet 'springmvc': initialization completed in 1101 ms
INFO  - 2017-10-24 08:42:44.539; org.springframework.web.servlet.FrameworkServlet; FrameworkServlet 'springmvc': initialization started
INFO  - 2017-10-24 08:42:44.542; org.springframework.context.support.AbstractApplicationContext; Refreshing WebApplicationContext for namespace 'springmvc-servlet': startup date [Tue Oct 24 08:42:44 CST 2017]; parent: Root WebApplicationContext
INFO  - 2017-10-24 08:42:44.544; org.springframework.beans.factory.xml.XmlBeanDefinitionReader; Loading XML bean definitions from class path resource [applicationContext_mvc.xml]
INFO  - 2017-10-24 08:42:45.303; org.springframework.web.servlet.mvc.method.annotation.RequestMappingHandlerAdapter; Looking for @ControllerAdvice: WebApplicationContext for namespace 'springmvc-servlet': startup date [Tue Oct 24 08:42:44 CST 2017]; parent: Root WebApplicationContext
INFO  - 2017-10-24 08:42:45.388; org.springframework.web.servlet.mvc.method.annotation.RequestMappingHandlerAdapter; Looking for @ControllerAdvice: WebApplicationContext for namespace 'springmvc-servlet': startup date [Tue Oct 24 08:42:44 CST 2017]; parent: Root WebApplicationContext
INFO  - 2017-10-24 08:42:45.653; org.springframework.web.servlet.FrameworkServlet; FrameworkServlet 'springmvc': initialization completed in 1113 ms
WARN  - 2017-10-24 08:44:56.016; org.springframework.web.servlet.DispatcherServlet; No mapping found for HTTP request with URI [/baseframe/static/mui_3.2.0/fonts/mui.ttf] in DispatcherServlet with name 'springmvc'
INFO  - 2017-10-24 09:18:09.611; org.springframework.web.servlet.FrameworkServlet; FrameworkServlet 'springmvc': initialization started
INFO  - 2017-10-24 09:18:09.614; org.springframework.context.support.AbstractApplicationContext; Refreshing WebApplicationContext for namespace 'springmvc-servlet': startup date [Tue Oct 24 09:18:09 CST 2017]; parent: Root WebApplicationContext
INFO  - 2017-10-24 09:18:09.615; org.springframework.beans.factory.xml.XmlBeanDefinitionReader; Loading XML bean definitions from class path resource [applicationContext_mvc.xml]
INFO  - 2017-10-24 09:18:10.561; org.springframework.web.servlet.mvc.method.annotation.RequestMappingHandlerAdapter; Looking for @ControllerAdvice: WebApplicationContext for namespace 'springmvc-servlet': startup date [Tue Oct 24 09:18:09 CST 2017]; parent: Root WebApplicationContext
INFO  - 2017-10-24 09:18:10.673; org.springframework.web.servlet.mvc.method.annotation.RequestMappingHandlerAdapter; Looking for @ControllerAdvice: WebApplicationContext for namespace 'springmvc-servlet': startup date [Tue Oct 24 09:18:09 CST 2017]; parent: Root WebApplicationContext
INFO  - 2017-10-24 09:18:10.926; org.springframework.web.servlet.FrameworkServlet; FrameworkServlet 'springmvc': initialization completed in 1314 ms
INFO  - 2017-10-24 09:19:56.509; org.springframework.web.servlet.FrameworkServlet; FrameworkServlet 'springmvc': initialization started
INFO  - 2017-10-24 09:19:56.513; org.springframework.context.support.AbstractApplicationContext; Refreshing WebApplicationContext for namespace 'springmvc-servlet': startup date [Tue Oct 24 09:19:56 CST 2017]; parent: Root WebApplicationContext
INFO  - 2017-10-24 09:19:56.515; org.springframework.beans.factory.xml.XmlBeanDefinitionReader; Loading XML bean definitions from class path resource [applicationContext_mvc.xml]
INFO  - 2017-10-24 09:19:57.296; org.springframework.web.servlet.mvc.method.annotation.RequestMappingHandlerAdapter; Looking for @ControllerAdvice: WebApplicationContext for namespace 'springmvc-servlet': startup date [Tue Oct 24 09:19:56 CST 2017]; parent: Root WebApplicationContext
INFO  - 2017-10-24 09:19:57.360; org.springframework.web.servlet.mvc.method.annotation.RequestMappingHandlerAdapter; Looking for @ControllerAdvice: WebApplicationContext for namespace 'springmvc-servlet': startup date [Tue Oct 24 09:19:56 CST 2017]; parent: Root WebApplicationContext
INFO  - 2017-10-24 09:19:57.535; org.springframework.web.servlet.FrameworkServlet; FrameworkServlet 'springmvc': initialization completed in 1025 ms
INFO  - 2017-10-24 09:24:48.223; org.springframework.web.servlet.FrameworkServlet; FrameworkServlet 'springmvc': initialization started
INFO  - 2017-10-24 09:24:48.226; org.springframework.context.support.AbstractApplicationContext; Refreshing WebApplicationContext for namespace 'springmvc-servlet': startup date [Tue Oct 24 09:24:48 CST 2017]; parent: Root WebApplicationContext
INFO  - 2017-10-24 09:24:48.227; org.springframework.beans.factory.xml.XmlBeanDefinitionReader; Loading XML bean definitions from class path resource [applicationContext_mvc.xml]
INFO  - 2017-10-24 09:24:49.032; org.springframework.web.servlet.mvc.method.annotation.RequestMappingHandlerAdapter; Looking for @ControllerAdvice: WebApplicationContext for namespace 'springmvc-servlet': startup date [Tue Oct 24 09:24:48 CST 2017]; parent: Root WebApplicationContext
INFO  - 2017-10-24 09:24:49.093; org.springframework.web.servlet.mvc.method.annotation.RequestMappingHandlerAdapter; Looking for @ControllerAdvice: WebApplicationContext for namespace 'springmvc-servlet': startup date [Tue Oct 24 09:24:48 CST 2017]; parent: Root WebApplicationContext
INFO  - 2017-10-24 09:24:49.258; org.springframework.web.servlet.FrameworkServlet; FrameworkServlet 'springmvc': initialization completed in 1035 ms
INFO  - 2017-10-24 09:34:20.674; org.springframework.web.servlet.FrameworkServlet; FrameworkServlet 'springmvc': initialization started
INFO  - 2017-10-24 09:34:20.678; org.springframework.context.support.AbstractApplicationContext; Refreshing WebApplicationContext for namespace 'springmvc-servlet': startup date [Tue Oct 24 09:34:20 CST 2017]; parent: Root WebApplicationContext
INFO  - 2017-10-24 09:34:20.679; org.springframework.beans.factory.xml.XmlBeanDefinitionReader; Loading XML bean definitions from class path resource [applicationContext_mvc.xml]
INFO  - 2017-10-24 09:34:21.709; org.springframework.web.servlet.mvc.method.annotation.RequestMappingHandlerAdapter; Looking for @ControllerAdvice: WebApplicationContext for namespace 'springmvc-servlet': startup date [Tue Oct 24 09:34:20 CST 2017]; parent: Root WebApplicationContext
INFO  - 2017-10-24 09:34:21.881; org.springframework.web.servlet.mvc.method.annotation.RequestMappingHandlerAdapter; Looking for @ControllerAdvice: WebApplicationContext for namespace 'springmvc-servlet': startup date [Tue Oct 24 09:34:20 CST 2017]; parent: Root WebApplicationContext
INFO  - 2017-10-24 09:34:22.175; org.springframework.web.servlet.FrameworkServlet; FrameworkServlet 'springmvc': initialization completed in 1500 ms
ERROR - 2017-10-24 09:34:28.144; com.baseframe.service.impl.PoiServiceImpl; \mnt\order\32-记录.xls (系统找不到指定的路径。)
INFO  - 2017-10-24 09:37:35.616; org.springframework.web.servlet.FrameworkServlet; FrameworkServlet 'springmvc': initialization started
INFO  - 2017-10-24 09:37:35.619; org.springframework.context.support.AbstractApplicationContext; Refreshing WebApplicationContext for namespace 'springmvc-servlet': startup date [Tue Oct 24 09:37:35 CST 2017]; parent: Root WebApplicationContext
INFO  - 2017-10-24 09:37:35.620; org.springframework.beans.factory.xml.XmlBeanDefinitionReader; Loading XML bean definitions from class path resource [applicationContext_mvc.xml]
INFO  - 2017-10-24 09:37:36.488; org.springframework.web.servlet.mvc.method.annotation.RequestMappingHandlerAdapter; Looking for @ControllerAdvice: WebApplicationContext for namespace 'springmvc-servlet': startup date [Tue Oct 24 09:37:35 CST 2017]; parent: Root WebApplicationContext
INFO  - 2017-10-24 09:37:36.566; org.springframework.web.servlet.mvc.method.annotation.RequestMappingHandlerAdapter; Looking for @ControllerAdvice: WebApplicationContext for namespace 'springmvc-servlet': startup date [Tue Oct 24 09:37:35 CST 2017]; parent: Root WebApplicationContext
INFO  - 2017-10-24 09:37:36.757; org.springframework.web.servlet.FrameworkServlet; FrameworkServlet 'springmvc': initialization completed in 1141 ms
INFO  - 2017-10-24 09:41:59.932; org.springframework.web.servlet.FrameworkServlet; FrameworkServlet 'springmvc': initialization started
INFO  - 2017-10-24 09:41:59.936; org.springframework.context.support.AbstractApplicationContext; Refreshing WebApplicationContext for namespace 'springmvc-servlet': startup date [Tue Oct 24 09:41:59 CST 2017]; parent: Root WebApplicationContext
INFO  - 2017-10-24 09:41:59.941; org.springframework.beans.factory.xml.XmlBeanDefinitionReader; Loading XML bean definitions from class path resource [applicationContext_mvc.xml]
INFO  - 2017-10-24 09:42:00.807; org.springframework.web.servlet.mvc.method.annotation.RequestMappingHandlerAdapter; Looking for @ControllerAdvice: WebApplicationContext for namespace 'springmvc-servlet': startup date [Tue Oct 24 09:41:59 CST 2017]; parent: Root WebApplicationContext
INFO  - 2017-10-24 09:42:00.880; org.springframework.web.servlet.mvc.method.annotation.RequestMappingHandlerAdapter; Looking for @ControllerAdvice: WebApplicationContext for namespace 'springmvc-servlet': startup date [Tue Oct 24 09:41:59 CST 2017]; parent: Root WebApplicationContext
INFO  - 2017-10-24 09:42:01.073; org.springframework.web.servlet.FrameworkServlet; FrameworkServlet 'springmvc': initialization completed in 1140 ms
INFO  - 2017-10-24 09:58:33.347; org.springframework.web.servlet.FrameworkServlet; FrameworkServlet 'springmvc': initialization started
INFO  - 2017-10-24 09:58:33.350; org.springframework.context.support.AbstractApplicationContext; Refreshing WebApplicationContext for namespace 'springmvc-servlet': startup date [Tue Oct 24 09:58:33 CST 2017]; parent: Root WebApplicationContext
INFO  - 2017-10-24 09:58:33.352; org.springframework.beans.factory.xml.XmlBeanDefinitionReader; Loading XML bean definitions from class path resource [applicationContext_mvc.xml]
INFO  - 2017-10-24 09:58:34.405; org.springframework.web.servlet.mvc.method.annotation.RequestMappingHandlerAdapter; Looking for @ControllerAdvice: WebApplicationContext for namespace 'springmvc-servlet': startup date [Tue Oct 24 09:58:33 CST 2017]; parent: Root WebApplicationContext
INFO  - 2017-10-24 09:58:34.516; org.springframework.web.servlet.mvc.method.annotation.RequestMappingHandlerAdapter; Looking for @ControllerAdvice: WebApplicationContext for namespace 'springmvc-servlet': startup date [Tue Oct 24 09:58:33 CST 2017]; parent: Root WebApplicationContext
INFO  - 2017-10-24 09:58:34.745; org.springframework.web.servlet.FrameworkServlet; FrameworkServlet 'springmvc': initialization completed in 1397 ms
ERROR - 2017-10-24 09:58:47.535; com.baseframe.service.impl.PoiServiceImpl; \order\6-记录.xls (系统找不到指定的路径。)
INFO  - 2017-10-24 10:00:27.999; org.springframework.web.servlet.FrameworkServlet; FrameworkServlet 'springmvc': initialization started
INFO  - 2017-10-24 10:00:28.004; org.springframework.context.support.AbstractApplicationContext; Refreshing WebApplicationContext for namespace 'springmvc-servlet': startup date [Tue Oct 24 10:00:28 CST 2017]; parent: Root WebApplicationContext
INFO  - 2017-10-24 10:00:28.005; org.springframework.beans.factory.xml.XmlBeanDefinitionReader; Loading XML bean definitions from class path resource [applicationContext_mvc.xml]
INFO  - 2017-10-24 10:00:28.926; org.springframework.web.servlet.mvc.method.annotation.RequestMappingHandlerAdapter; Looking for @ControllerAdvice: WebApplicationContext for namespace 'springmvc-servlet': startup date [Tue Oct 24 10:00:28 CST 2017]; parent: Root WebApplicationContext
INFO  - 2017-10-24 10:00:29.049; org.springframework.web.servlet.mvc.method.annotation.RequestMappingHandlerAdapter; Looking for @ControllerAdvice: WebApplicationContext for namespace 'springmvc-servlet': startup date [Tue Oct 24 10:00:28 CST 2017]; parent: Root WebApplicationContext
INFO  - 2017-10-24 10:00:29.282; org.springframework.web.servlet.FrameworkServlet; FrameworkServlet 'springmvc': initialization completed in 1282 ms
ERROR - 2017-10-24 10:00:34.409; com.baseframe.service.impl.PoiServiceImpl; \mnt\eauto100-statics\order\71-记录.xls (系统找不到指定的路径。)
INFO  - 2017-10-24 10:12:21.440; org.springframework.web.servlet.FrameworkServlet; FrameworkServlet 'springmvc': initialization started
INFO  - 2017-10-24 10:12:21.445; org.springframework.context.support.AbstractApplicationContext; Refreshing WebApplicationContext for namespace 'springmvc-servlet': startup date [Tue Oct 24 10:12:21 CST 2017]; parent: Root WebApplicationContext
INFO  - 2017-10-24 10:12:21.446; org.springframework.beans.factory.xml.XmlBeanDefinitionReader; Loading XML bean definitions from class path resource [applicationContext_mvc.xml]
INFO  - 2017-10-24 10:12:22.574; org.springframework.web.servlet.mvc.method.annotation.RequestMappingHandlerAdapter; Looking for @ControllerAdvice: WebApplicationContext for namespace 'springmvc-servlet': startup date [Tue Oct 24 10:12:21 CST 2017]; parent: Root WebApplicationContext
INFO  - 2017-10-24 10:12:22.680; org.springframework.web.servlet.mvc.method.annotation.RequestMappingHandlerAdapter; Looking for @ControllerAdvice: WebApplicationContext for namespace 'springmvc-servlet': startup date [Tue Oct 24 10:12:21 CST 2017]; parent: Root WebApplicationContext
INFO  - 2017-10-24 10:12:22.916; org.springframework.web.servlet.FrameworkServlet; FrameworkServlet 'springmvc': initialization completed in 1474 ms
ERROR - 2017-10-24 10:12:29.428; com.baseframe.service.impl.PoiServiceImpl; \mnt\eauto100-statics\order\85-记录.xls (系统找不到指定的路径。)
INFO  - 2017-10-24 10:24:21.980; org.springframework.web.servlet.FrameworkServlet; FrameworkServlet 'springmvc': initialization started
INFO  - 2017-10-24 10:24:21.984; org.springframework.context.support.AbstractApplicationContext; Refreshing WebApplicationContext for namespace 'springmvc-servlet': startup date [Tue Oct 24 10:24:21 CST 2017]; parent: Root WebApplicationContext
INFO  - 2017-10-24 10:24:21.985; org.springframework.beans.factory.xml.XmlBeanDefinitionReader; Loading XML bean definitions from class path resource [applicationContext_mvc.xml]
INFO  - 2017-10-24 10:24:22.802; org.springframework.web.servlet.mvc.method.annotation.RequestMappingHandlerAdapter; Looking for @ControllerAdvice: WebApplicationContext for namespace 'springmvc-servlet': startup date [Tue Oct 24 10:24:21 CST 2017]; parent: Root WebApplicationContext
INFO  - 2017-10-24 10:24:22.890; org.springframework.web.servlet.mvc.method.annotation.RequestMappingHandlerAdapter; Looking for @ControllerAdvice: WebApplicationContext for namespace 'springmvc-servlet': startup date [Tue Oct 24 10:24:21 CST 2017]; parent: Root WebApplicationContext
INFO  - 2017-10-24 10:24:23.101; org.springframework.web.servlet.FrameworkServlet; FrameworkServlet 'springmvc': initialization completed in 1120 ms
INFO  - 2017-10-24 10:43:52.829; org.springframework.web.servlet.FrameworkServlet; FrameworkServlet 'springmvc': initialization started
INFO  - 2017-10-24 10:43:52.832; org.springframework.context.support.AbstractApplicationContext; Refreshing WebApplicationContext for namespace 'springmvc-servlet': startup date [Tue Oct 24 10:43:52 CST 2017]; parent: Root WebApplicationContext
INFO  - 2017-10-24 10:43:52.832; org.springframework.beans.factory.xml.XmlBeanDefinitionReader; Loading XML bean definitions from class path resource [applicationContext_mvc.xml]
INFO  - 2017-10-24 10:43:53.761; org.springframework.web.servlet.mvc.method.annotation.RequestMappingHandlerAdapter; Looking for @ControllerAdvice: WebApplicationContext for namespace 'springmvc-servlet': startup date [Tue Oct 24 10:43:52 CST 2017]; parent: Root WebApplicationContext
INFO  - 2017-10-24 10:43:53.874; org.springframework.web.servlet.mvc.method.annotation.RequestMappingHandlerAdapter; Looking for @ControllerAdvice: WebApplicationContext for namespace 'springmvc-servlet': startup date [Tue Oct 24 10:43:52 CST 2017]; parent: Root WebApplicationContext
INFO  - 2017-10-24 10:43:54.190; org.springframework.web.servlet.FrameworkServlet; FrameworkServlet 'springmvc': initialization completed in 1361 ms
INFO  - 2017-10-24 10:46:32.992; org.springframework.web.servlet.FrameworkServlet; FrameworkServlet 'springmvc': initialization started
INFO  - 2017-10-24 10:46:32.996; org.springframework.context.support.AbstractApplicationContext; Refreshing WebApplicationContext for namespace 'springmvc-servlet': startup date [Tue Oct 24 10:46:32 CST 2017]; parent: Root WebApplicationContext
INFO  - 2017-10-24 10:46:33.001; org.springframework.beans.factory.xml.XmlBeanDefinitionReader; Loading XML bean definitions from class path resource [applicationContext_mvc.xml]
INFO  - 2017-10-24 10:46:34.256; org.springframework.web.servlet.mvc.method.annotation.RequestMappingHandlerAdapter; Looking for @ControllerAdvice: WebApplicationContext for namespace 'springmvc-servlet': startup date [Tue Oct 24 10:46:32 CST 2017]; parent: Root WebApplicationContext
INFO  - 2017-10-24 10:46:34.395; org.springframework.web.servlet.mvc.method.annotation.RequestMappingHandlerAdapter; Looking for @ControllerAdvice: WebApplicationContext for namespace 'springmvc-servlet': startup date [Tue Oct 24 10:46:32 CST 2017]; parent: Root WebApplicationContext
INFO  - 2017-10-24 10:46:34.687; org.springframework.web.servlet.FrameworkServlet; FrameworkServlet 'springmvc': initialization completed in 1694 ms
INFO  - 2017-10-24 10:49:59.705; org.springframework.web.servlet.FrameworkServlet; FrameworkServlet 'springmvc': initialization started
INFO  - 2017-10-24 10:49:59.709; org.springframework.context.support.AbstractApplicationContext; Refreshing WebApplicationContext for namespace 'springmvc-servlet': startup date [Tue Oct 24 10:49:59 CST 2017]; parent: Root WebApplicationContext
INFO  - 2017-10-24 10:49:59.710; org.springframework.beans.factory.xml.XmlBeanDefinitionReader; Loading XML bean definitions from class path resource [applicationContext_mvc.xml]
INFO  - 2017-10-24 10:50:00.809; org.springframework.web.servlet.mvc.method.annotation.RequestMappingHandlerAdapter; Looking for @ControllerAdvice: WebApplicationContext for namespace 'springmvc-servlet': startup date [Tue Oct 24 10:49:59 CST 2017]; parent: Root WebApplicationContext
INFO  - 2017-10-24 10:50:00.936; org.springframework.web.servlet.mvc.method.annotation.RequestMappingHandlerAdapter; Looking for @ControllerAdvice: WebApplicationContext for namespace 'springmvc-servlet': startup date [Tue Oct 24 10:49:59 CST 2017]; parent: Root WebApplicationContext
INFO  - 2017-10-24 10:50:01.206; org.springframework.web.servlet.FrameworkServlet; FrameworkServlet 'springmvc': initialization completed in 1500 ms
